C51 COMPILER V9.52.0.0   DELAY                                                             03/23/2016 17:12:40 PAGE 1   


C51 COMPILER V9.52.0.0, COMPILATION OF MODULE DELAY
OBJECT MODULE PLACED IN .\Objects\delay.obj
COMPILER INVOKED BY: C:\Program Files (x86)\KEIL\C51_Version\C51\BIN\C51.EXE 00_CODES\02_DELAY\delay.c OMF2 OPTIMIZE(0,S
                    -IZE) BROWSE INCDIR(.\00_CODES;.\00_CODES\01_MAIN;.\00_CODES\02_DELAY;.\00_CODES\03_CORE;.\00_CODES\04_MEMORY) DEBUG PRIN
                    -T(.\Listings\delay.lst) TABS(2) OBJECT(.\Objects\delay.obj)

line level    source

   1          #include<delay.h>
   2          //===============================================================================
   3          //===============================================================================
   4          void delay_ms( unsigned int time )
   5          {
   6   1          unsigned int i;
   7   1          unsigned int j;
   8   1          char k=0;
   9   1      
  10   1          for( i=0; i<time; i++ )
  11   1          {
  12   2            for( j=0; j<575; j++ )
  13   2            {
  14   3              k++;
  15   3            }
  16   2          }
  17   1      }
  18          
  19          //===============================================================================


MODULE INFORMATION:   STATIC OVERLAYABLE
   CODE SIZE        =     64    ----
   CONSTANT SIZE    =   ----    ----
   XDATA SIZE       =   ----    ----
   PDATA SIZE       =   ----    ----
   DATA SIZE        =      7    ----
   IDATA SIZE       =   ----    ----
   BIT SIZE         =   ----    ----
   EDATA SIZE       =   ----    ----
   HDATA SIZE       =   ----    ----
   XDATA CONST SIZE =   ----    ----
   FAR CONST SIZE   =   ----    ----
END OF MODULE INFORMATION.


C51 COMPILATION COMPLETE.  0 WARNING(S),  0 ERROR(S)
